<?xml version="1.0" encoding="UTF-8"?>
<!-- Generated by org.testng.reporters.JUnitXMLReporter -->
<testsuite ignored="0" hostname="DESKTOP-PLTO5KM" failures="0" tests="2" name="Test04" time="31.257" errors="0" timestamp="2022-07-26T17:10:10 CST">
  <testcase classname="com.calidaddelsoftware.project.test04" name="Test01ReportsProducstNeverPurchased" time="8.137"/>
  <testcase classname="com.calidaddelsoftware.project.test04" name="Test02ReportsProducstNeverPurchased" time="23.091"/>
</testsuite> <!-- Test04 -->
