<?xml version="1.0" encoding="UTF-8"?>
<!-- Generated by org.testng.reporters.JUnitXMLReporter -->
<testsuite ignored="1" hostname="DESKTOP-PLTO5KM" failures="0" tests="1" name="Default test" time="7.353" errors="0" timestamp="2022-08-08T00:51:58 CST">
  <testcase classname="com.calidaddelsoftware.project.Test2" name="SearchandEditCustomer" time="7.32"/>
  <testcase classname="com.calidaddelsoftware.project.Test2" name="CreateCustomer" time="0.0">
    <ignored/>
  </testcase> <!-- CreateCustomer -->
</testsuite> <!-- Default test -->
